{"message":"Handling GET / [object Object]","level":"info"}
{"message":"Handling GET / [object Object]","level":"info"}
{"message":"Environment variables loaded into process.env.","level":"info"}
{"error":{"errno":-4058,"syscall":"stat","code":"ENOENT","path":"C:\\Users\\S537239\\Desktop\\mvc-app\\public\\images\\favicon.ico"},"level":"error","message":"uncaughtException: ENOENT: no such file or directory, stat 'C:\\Users\\S537239\\Desktop\\mvc-app\\public\\images\\favicon.ico'\nError: ENOENT: no such file or directory, stat 'C:\\Users\\S537239\\Desktop\\mvc-app\\public\\images\\favicon.ico'\n    at Object.statSync (fs.js:915:3)\n    at resolveSync (C:\\Users\\S537239\\Desktop\\mvc-app\\node_modules\\serve-favicon\\index.js:187:17)\n    at favicon (C:\\Users\\S537239\\Desktop\\mvc-app\\node_modules\\serve-favicon\\index.js:61:12)\n    at Object.<anonymous> (C:\\Users\\S537239\\Desktop\\mvc-app\\app.js:124:9)\n    at Module._compile (internal/modules/cjs/loader.js:956:30)\n    at Object.Module._extensions..js (internal/modules/cjs/loader.js:973:10)\n    at Module.load (internal/modules/cjs/loader.js:812:32)\n    at Function.Module._load (internal/modules/cjs/loader.js:724:14)\n    at Function.Module.runMain (internal/modules/cjs/loader.js:1025:10)\n    at internal/main/run_main_module.js:17:11","stack":"Error: ENOENT: no such file or directory, stat 'C:\\Users\\S537239\\Desktop\\mvc-app\\public\\images\\favicon.ico'\n    at Object.statSync (fs.js:915:3)\n    at resolveSync (C:\\Users\\S537239\\Desktop\\mvc-app\\node_modules\\serve-favicon\\index.js:187:17)\n    at favicon (C:\\Users\\S537239\\Desktop\\mvc-app\\node_modules\\serve-favicon\\index.js:61:12)\n    at Object.<anonymous> (C:\\Users\\S537239\\Desktop\\mvc-app\\app.js:124:9)\n    at Module._compile (internal/modules/cjs/loader.js:956:30)\n    at Object.Module._extensions..js (internal/modules/cjs/loader.js:973:10)\n    at Module.load (internal/modules/cjs/loader.js:812:32)\n    at Function.Module._load (internal/modules/cjs/loader.js:724:14)\n    at Function.Module.runMain (internal/modules/cjs/loader.js:1025:10)\n    at internal/main/run_main_module.js:17:11","exception":true,"date":"Tue Dec 03 2019 19:39:34 GMT-0600 (Central Standard Time)","process":{"pid":18284,"uid":null,"gid":null,"cwd":"C:\\Users\\S537239\\Desktop\\mvc-app","execPath":"C:\\Program Files\\nodejs\\node.exe","version":"v12.12.0","argv":["C:\\Program Files\\nodejs\\node.exe","C:\\Users\\S537239\\Desktop\\mvc-app\\app.js"],"memoryUsage":{"rss":50073600,"heapTotal":30924800,"heapUsed":19128944,"external":19877507}},"os":{"loadavg":[0,0,0],"uptime":1449273},"trace":[{"column":3,"file":"fs.js","function":"Object.statSync","line":915,"method":"statSync","native":false},{"column":17,"file":"C:\\Users\\S537239\\Desktop\\mvc-app\\node_modules\\serve-favicon\\index.js","function":"resolveSync","line":187,"method":null,"native":false},{"column":12,"file":"C:\\Users\\S537239\\Desktop\\mvc-app\\node_modules\\serve-favicon\\index.js","function":"favicon","line":61,"method":null,"native":false},{"column":9,"file":"C:\\Users\\S537239\\Desktop\\mvc-app\\app.js","function":null,"line":124,"method":null,"native":false},{"column":30,"file":"internal/modules/cjs/loader.js","function":"Module._compile","line":956,"method":"_compile","native":false},{"column":10,"file":"internal/modules/cjs/loader.js","function":"Module._extensions..js","line":973,"method":".js","native":false},{"column":32,"file":"internal/modules/cjs/loader.js","function":"Module.load","line":812,"method":"load","native":false},{"column":14,"file":"internal/modules/cjs/loader.js","function":"Module._load","line":724,"method":"_load","native":false},{"column":10,"file":"internal/modules/cjs/loader.js","function":"Module.runMain","line":1025,"method":"runMain","native":false},{"column":11,"file":"internal/main/run_main_module.js","function":null,"line":17,"method":null,"native":false}]}
{"message":"Running on 3004","level":"info"}
{"message":"Environment isProduction = true","level":"info"}
{"message":"MongoDB URL = mongodb+srv://admin:1234@cluster0-6dvhb.mongodb.net/test?retryWrites=true&w=majority","level":"info"}
{"message":"MongoDB event open","level":"info"}
{"message":"MongoDB connected mongodb+srv://admin:1234@cluster0-6dvhb.mongodb.net/test?retryWrites=true&w=majority\n","level":"info"}
{"message":"Seeding collection = courses","level":"info"}
{"message":"Seeding collection = instructors","level":"info"}
{"message":"Seeding collection = sections","level":"info"}
{"message":"Seeding collection = students","level":"info"}
{"message":"Environment variables loaded into process.env.","level":"info"}
{"error":{"errno":-4058,"syscall":"stat","code":"ENOENT","path":"C:\\Users\\S537239\\Desktop\\mvc-app\\public\\images\\favicon.ico"},"level":"error","message":"uncaughtException: ENOENT: no such file or directory, stat 'C:\\Users\\S537239\\Desktop\\mvc-app\\public\\images\\favicon.ico'\nError: ENOENT: no such file or directory, stat 'C:\\Users\\S537239\\Desktop\\mvc-app\\public\\images\\favicon.ico'\n    at Object.statSync (fs.js:915:3)\n    at resolveSync (C:\\Users\\S537239\\Desktop\\mvc-app\\node_modules\\serve-favicon\\index.js:187:17)\n    at favicon (C:\\Users\\S537239\\Desktop\\mvc-app\\node_modules\\serve-favicon\\index.js:61:12)\n    at Object.<anonymous> (C:\\Users\\S537239\\Desktop\\mvc-app\\app.js:124:9)\n    at Module._compile (internal/modules/cjs/loader.js:956:30)\n    at Object.Module._extensions..js (internal/modules/cjs/loader.js:973:10)\n    at Module.load (internal/modules/cjs/loader.js:812:32)\n    at Function.Module._load (internal/modules/cjs/loader.js:724:14)\n    at Function.Module.runMain (internal/modules/cjs/loader.js:1025:10)\n    at internal/main/run_main_module.js:17:11","stack":"Error: ENOENT: no such file or directory, stat 'C:\\Users\\S537239\\Desktop\\mvc-app\\public\\images\\favicon.ico'\n    at Object.statSync (fs.js:915:3)\n    at resolveSync (C:\\Users\\S537239\\Desktop\\mvc-app\\node_modules\\serve-favicon\\index.js:187:17)\n    at favicon (C:\\Users\\S537239\\Desktop\\mvc-app\\node_modules\\serve-favicon\\index.js:61:12)\n    at Object.<anonymous> (C:\\Users\\S537239\\Desktop\\mvc-app\\app.js:124:9)\n    at Module._compile (internal/modules/cjs/loader.js:956:30)\n    at Object.Module._extensions..js (internal/modules/cjs/loader.js:973:10)\n    at Module.load (internal/modules/cjs/loader.js:812:32)\n    at Function.Module._load (internal/modules/cjs/loader.js:724:14)\n    at Function.Module.runMain (internal/modules/cjs/loader.js:1025:10)\n    at internal/main/run_main_module.js:17:11","exception":true,"date":"Tue Dec 03 2019 19:43:22 GMT-0600 (Central Standard Time)","process":{"pid":13592,"uid":null,"gid":null,"cwd":"C:\\Users\\S537239\\Desktop\\mvc-app","execPath":"C:\\Program Files\\nodejs\\node.exe","version":"v12.12.0","argv":["C:\\Program Files\\nodejs\\node.exe","C:\\Users\\S537239\\Desktop\\mvc-app\\app.js"],"memoryUsage":{"rss":50040832,"heapTotal":30662656,"heapUsed":19168328,"external":19877507}},"os":{"loadavg":[0,0,0],"uptime":1449501},"trace":[{"column":3,"file":"fs.js","function":"Object.statSync","line":915,"method":"statSync","native":false},{"column":17,"file":"C:\\Users\\S537239\\Desktop\\mvc-app\\node_modules\\serve-favicon\\index.js","function":"resolveSync","line":187,"method":null,"native":false},{"column":12,"file":"C:\\Users\\S537239\\Desktop\\mvc-app\\node_modules\\serve-favicon\\index.js","function":"favicon","line":61,"method":null,"native":false},{"column":9,"file":"C:\\Users\\S537239\\Desktop\\mvc-app\\app.js","function":null,"line":124,"method":null,"native":false},{"column":30,"file":"internal/modules/cjs/loader.js","function":"Module._compile","line":956,"method":"_compile","native":false},{"column":10,"file":"internal/modules/cjs/loader.js","function":"Module._extensions..js","line":973,"method":".js","native":false},{"column":32,"file":"internal/modules/cjs/loader.js","function":"Module.load","line":812,"method":"load","native":false},{"column":14,"file":"internal/modules/cjs/loader.js","function":"Module._load","line":724,"method":"_load","native":false},{"column":10,"file":"internal/modules/cjs/loader.js","function":"Module.runMain","line":1025,"method":"runMain","native":false},{"column":11,"file":"internal/main/run_main_module.js","function":null,"line":17,"method":null,"native":false}]}
{"message":"Running on 3004","level":"info"}
{"message":"Environment isProduction = true","level":"info"}
{"message":"MongoDB URL = mongodb+srv://sumadb:sumadb@cluster0-6dvhb.mongodb.net/test?retryWrites=true&w=majority","level":"info"}
{"message":"Environment variables loaded into process.env.","level":"info"}
{"error":{"errno":-4058,"syscall":"stat","code":"ENOENT","path":"C:\\Users\\S537239\\Desktop\\mvc-app\\public\\images\\favicon.ico"},"level":"error","message":"uncaughtException: ENOENT: no such file or directory, stat 'C:\\Users\\S537239\\Desktop\\mvc-app\\public\\images\\favicon.ico'\nError: ENOENT: no such file or directory, stat 'C:\\Users\\S537239\\Desktop\\mvc-app\\public\\images\\favicon.ico'\n    at Object.statSync (fs.js:915:3)\n    at resolveSync (C:\\Users\\S537239\\Desktop\\mvc-app\\node_modules\\serve-favicon\\index.js:187:17)\n    at favicon (C:\\Users\\S537239\\Desktop\\mvc-app\\node_modules\\serve-favicon\\index.js:61:12)\n    at Object.<anonymous> (C:\\Users\\S537239\\Desktop\\mvc-app\\app.js:124:9)\n    at Module._compile (internal/modules/cjs/loader.js:956:30)\n    at Object.Module._extensions..js (internal/modules/cjs/loader.js:973:10)\n    at Module.load (internal/modules/cjs/loader.js:812:32)\n    at Function.Module._load (internal/modules/cjs/loader.js:724:14)\n    at Function.Module.runMain (internal/modules/cjs/loader.js:1025:10)\n    at internal/main/run_main_module.js:17:11","stack":"Error: ENOENT: no such file or directory, stat 'C:\\Users\\S537239\\Desktop\\mvc-app\\public\\images\\favicon.ico'\n    at Object.statSync (fs.js:915:3)\n    at resolveSync (C:\\Users\\S537239\\Desktop\\mvc-app\\node_modules\\serve-favicon\\index.js:187:17)\n    at favicon (C:\\Users\\S537239\\Desktop\\mvc-app\\node_modules\\serve-favicon\\index.js:61:12)\n    at Object.<anonymous> (C:\\Users\\S537239\\Desktop\\mvc-app\\app.js:124:9)\n    at Module._compile (internal/modules/cjs/loader.js:956:30)\n    at Object.Module._extensions..js (internal/modules/cjs/loader.js:973:10)\n    at Module.load (internal/modules/cjs/loader.js:812:32)\n    at Function.Module._load (internal/modules/cjs/loader.js:724:14)\n    at Function.Module.runMain (internal/modules/cjs/loader.js:1025:10)\n    at internal/main/run_main_module.js:17:11","exception":true,"date":"Tue Dec 03 2019 19:45:13 GMT-0600 (Central Standard Time)","process":{"pid":11164,"uid":null,"gid":null,"cwd":"C:\\Users\\S537239\\Desktop\\mvc-app","execPath":"C:\\Program Files\\nodejs\\node.exe","version":"v12.12.0","argv":["C:\\Program Files\\nodejs\\node.exe","C:\\Users\\S537239\\Desktop\\mvc-app\\app.js"],"memoryUsage":{"rss":51183616,"heapTotal":29876224,"heapUsed":20092200,"external":20025573}},"os":{"loadavg":[0,0,0],"uptime":1449612},"trace":[{"column":3,"file":"fs.js","function":"Object.statSync","line":915,"method":"statSync","native":false},{"column":17,"file":"C:\\Users\\S537239\\Desktop\\mvc-app\\node_modules\\serve-favicon\\index.js","function":"resolveSync","line":187,"method":null,"native":false},{"column":12,"file":"C:\\Users\\S537239\\Desktop\\mvc-app\\node_modules\\serve-favicon\\index.js","function":"favicon","line":61,"method":null,"native":false},{"column":9,"file":"C:\\Users\\S537239\\Desktop\\mvc-app\\app.js","function":null,"line":124,"method":null,"native":false},{"column":30,"file":"internal/modules/cjs/loader.js","function":"Module._compile","line":956,"method":"_compile","native":false},{"column":10,"file":"internal/modules/cjs/loader.js","function":"Module._extensions..js","line":973,"method":".js","native":false},{"column":32,"file":"internal/modules/cjs/loader.js","function":"Module.load","line":812,"method":"load","native":false},{"column":14,"file":"internal/modules/cjs/loader.js","function":"Module._load","line":724,"method":"_load","native":false},{"column":10,"file":"internal/modules/cjs/loader.js","function":"Module.runMain","line":1025,"method":"runMain","native":false},{"column":11,"file":"internal/main/run_main_module.js","function":null,"line":17,"method":null,"native":false}]}
{"message":"Running on 3004","level":"info"}
{"message":"Environment isProduction = true","level":"info"}
{"message":"MongoDB URL = mongodb+srv://sumadb:sumadb@cluster0-iabai.mongodb.net/test?retryWrites=true&w=majority","level":"info"}
{"message":"MongoDB event open","level":"info"}
{"message":"MongoDB connected mongodb+srv://sumadb:sumadb@cluster0-iabai.mongodb.net/test?retryWrites=true&w=majority\n","level":"info"}
{"message":"Seeding collection = courses","level":"info"}
{"message":"Seeding collection = instructors","level":"info"}
{"message":"Seeding collection = sections","level":"info"}
{"message":"Seeding collection = students","level":"info"}
{"message":"Environment variables loaded into process.env.","level":"info"}
{"error":{"errno":-4058,"syscall":"stat","code":"ENOENT","path":"C:\\Users\\S537239\\Desktop\\mvc-app\\public\\images\\favicon.ico"},"level":"error","message":"uncaughtException: ENOENT: no such file or directory, stat 'C:\\Users\\S537239\\Desktop\\mvc-app\\public\\images\\favicon.ico'\nError: ENOENT: no such file or directory, stat 'C:\\Users\\S537239\\Desktop\\mvc-app\\public\\images\\favicon.ico'\n    at Object.statSync (fs.js:915:3)\n    at resolveSync (C:\\Users\\S537239\\Desktop\\mvc-app\\node_modules\\serve-favicon\\index.js:187:17)\n    at favicon (C:\\Users\\S537239\\Desktop\\mvc-app\\node_modules\\serve-favicon\\index.js:61:12)\n    at Object.<anonymous> (C:\\Users\\S537239\\Desktop\\mvc-app\\app.js:124:9)\n    at Module._compile (internal/modules/cjs/loader.js:956:30)\n    at Object.Module._extensions..js (internal/modules/cjs/loader.js:973:10)\n    at Module.load (internal/modules/cjs/loader.js:812:32)\n    at Function.Module._load (internal/modules/cjs/loader.js:724:14)\n    at Function.Module.runMain (internal/modules/cjs/loader.js:1025:10)\n    at internal/main/run_main_module.js:17:11","stack":"Error: ENOENT: no such file or directory, stat 'C:\\Users\\S537239\\Desktop\\mvc-app\\public\\images\\favicon.ico'\n    at Object.statSync (fs.js:915:3)\n    at resolveSync (C:\\Users\\S537239\\Desktop\\mvc-app\\node_modules\\serve-favicon\\index.js:187:17)\n    at favicon (C:\\Users\\S537239\\Desktop\\mvc-app\\node_modules\\serve-favicon\\index.js:61:12)\n    at Object.<anonymous> (C:\\Users\\S537239\\Desktop\\mvc-app\\app.js:124:9)\n    at Module._compile (internal/modules/cjs/loader.js:956:30)\n    at Object.Module._extensions..js (internal/modules/cjs/loader.js:973:10)\n    at Module.load (internal/modules/cjs/loader.js:812:32)\n    at Function.Module._load (internal/modules/cjs/loader.js:724:14)\n    at Function.Module.runMain (internal/modules/cjs/loader.js:1025:10)\n    at internal/main/run_main_module.js:17:11","exception":true,"date":"Tue Dec 03 2019 19:52:19 GMT-0600 (Central Standard Time)","process":{"pid":12220,"uid":null,"gid":null,"cwd":"C:\\Users\\S537239\\Desktop\\mvc-app","execPath":"C:\\Program Files\\nodejs\\node.exe","version":"v12.12.0","argv":["C:\\Program Files\\nodejs\\node.exe","C:\\Users\\S537239\\Desktop\\mvc-app\\app.js"],"memoryUsage":{"rss":50892800,"heapTotal":29876224,"heapUsed":19786512,"external":20011523}},"os":{"loadavg":[0,0,0],"uptime":1450038},"trace":[{"column":3,"file":"fs.js","function":"Object.statSync","line":915,"method":"statSync","native":false},{"column":17,"file":"C:\\Users\\S537239\\Desktop\\mvc-app\\node_modules\\serve-favicon\\index.js","function":"resolveSync","line":187,"method":null,"native":false},{"column":12,"file":"C:\\Users\\S537239\\Desktop\\mvc-app\\node_modules\\serve-favicon\\index.js","function":"favicon","line":61,"method":null,"native":false},{"column":9,"file":"C:\\Users\\S537239\\Desktop\\mvc-app\\app.js","function":null,"line":124,"method":null,"native":false},{"column":30,"file":"internal/modules/cjs/loader.js","function":"Module._compile","line":956,"method":"_compile","native":false},{"column":10,"file":"internal/modules/cjs/loader.js","function":"Module._extensions..js","line":973,"method":".js","native":false},{"column":32,"file":"internal/modules/cjs/loader.js","function":"Module.load","line":812,"method":"load","native":false},{"column":14,"file":"internal/modules/cjs/loader.js","function":"Module._load","line":724,"method":"_load","native":false},{"column":10,"file":"internal/modules/cjs/loader.js","function":"Module.runMain","line":1025,"method":"runMain","native":false},{"column":11,"file":"internal/main/run_main_module.js","function":null,"line":17,"method":null,"native":false}]}
{"message":"Running on 3004","level":"info"}
{"message":"Environment isProduction = true","level":"info"}
{"message":"MongoDB URL = mongodb+srv://sumasoma:sumasoma@cluster0-io8gy.mongodb.net/test?retryWrites=true&w=majority","level":"info"}
{"message":"MongoDB event open","level":"info"}
{"message":"MongoDB connected mongodb+srv://sumasoma:sumasoma@cluster0-io8gy.mongodb.net/test?retryWrites=true&w=majority\n","level":"info"}
{"message":"Seeding collection = courses","level":"info"}
{"message":"Seeding collection = instructors","level":"info"}
{"message":"Seeding collection = sections","level":"info"}
{"message":"Seeding collection = students","level":"info"}
{"message":"Environment variables loaded into process.env.","level":"info"}
{"error":{"errno":-4058,"syscall":"stat","code":"ENOENT","path":"C:\\Users\\S537239\\Desktop\\mvc-app\\public\\images\\favicon.ico"},"level":"error","message":"uncaughtException: ENOENT: no such file or directory, stat 'C:\\Users\\S537239\\Desktop\\mvc-app\\public\\images\\favicon.ico'\nError: ENOENT: no such file or directory, stat 'C:\\Users\\S537239\\Desktop\\mvc-app\\public\\images\\favicon.ico'\n    at Object.statSync (fs.js:915:3)\n    at resolveSync (C:\\Users\\S537239\\Desktop\\mvc-app\\node_modules\\serve-favicon\\index.js:187:17)\n    at favicon (C:\\Users\\S537239\\Desktop\\mvc-app\\node_modules\\serve-favicon\\index.js:61:12)\n    at Object.<anonymous> (C:\\Users\\S537239\\Desktop\\mvc-app\\app.js:124:9)\n    at Module._compile (internal/modules/cjs/loader.js:956:30)\n    at Object.Module._extensions..js (internal/modules/cjs/loader.js:973:10)\n    at Module.load (internal/modules/cjs/loader.js:812:32)\n    at Function.Module._load (internal/modules/cjs/loader.js:724:14)\n    at Function.Module.runMain (internal/modules/cjs/loader.js:1025:10)\n    at internal/main/run_main_module.js:17:11","stack":"Error: ENOENT: no such file or directory, stat 'C:\\Users\\S537239\\Desktop\\mvc-app\\public\\images\\favicon.ico'\n    at Object.statSync (fs.js:915:3)\n    at resolveSync (C:\\Users\\S537239\\Desktop\\mvc-app\\node_modules\\serve-favicon\\index.js:187:17)\n    at favicon (C:\\Users\\S537239\\Desktop\\mvc-app\\node_modules\\serve-favicon\\index.js:61:12)\n    at Object.<anonymous> (C:\\Users\\S537239\\Desktop\\mvc-app\\app.js:124:9)\n    at Module._compile (internal/modules/cjs/loader.js:956:30)\n    at Object.Module._extensions..js (internal/modules/cjs/loader.js:973:10)\n    at Module.load (internal/modules/cjs/loader.js:812:32)\n    at Function.Module._load (internal/modules/cjs/loader.js:724:14)\n    at Function.Module.runMain (internal/modules/cjs/loader.js:1025:10)\n    at internal/main/run_main_module.js:17:11","exception":true,"date":"Tue Dec 03 2019 19:53:34 GMT-0600 (Central Standard Time)","process":{"pid":5260,"uid":null,"gid":null,"cwd":"C:\\Users\\S537239\\Desktop\\mvc-app","execPath":"C:\\Program Files\\nodejs\\node.exe","version":"v12.12.0","argv":["C:\\Program Files\\nodejs\\node.exe","C:\\Users\\S537239\\Desktop\\mvc-app\\app.js"],"memoryUsage":{"rss":51142656,"heapTotal":29876224,"heapUsed":19982696,"external":20016122}},"os":{"loadavg":[0,0,0],"uptime":1450112},"trace":[{"column":3,"file":"fs.js","function":"Object.statSync","line":915,"method":"statSync","native":false},{"column":17,"file":"C:\\Users\\S537239\\Desktop\\mvc-app\\node_modules\\serve-favicon\\index.js","function":"resolveSync","line":187,"method":null,"native":false},{"column":12,"file":"C:\\Users\\S537239\\Desktop\\mvc-app\\node_modules\\serve-favicon\\index.js","function":"favicon","line":61,"method":null,"native":false},{"column":9,"file":"C:\\Users\\S537239\\Desktop\\mvc-app\\app.js","function":null,"line":124,"method":null,"native":false},{"column":30,"file":"internal/modules/cjs/loader.js","function":"Module._compile","line":956,"method":"_compile","native":false},{"column":10,"file":"internal/modules/cjs/loader.js","function":"Module._extensions..js","line":973,"method":".js","native":false},{"column":32,"file":"internal/modules/cjs/loader.js","function":"Module.load","line":812,"method":"load","native":false},{"column":14,"file":"internal/modules/cjs/loader.js","function":"Module._load","line":724,"method":"_load","native":false},{"column":10,"file":"internal/modules/cjs/loader.js","function":"Module.runMain","line":1025,"method":"runMain","native":false},{"column":11,"file":"internal/main/run_main_module.js","function":null,"line":17,"method":null,"native":false}]}
{"message":"Running on 3004","level":"info"}
{"message":"Environment isProduction = true","level":"info"}
{"message":"MongoDB URL = mongodb+srv://sumasoma:sumasoma@cluster0-io8gy.mongodb.net/test?retryWrites=true&w=majority","level":"info"}
{"message":"MongoDB event open","level":"info"}
{"message":"MongoDB connected mongodb+srv://sumasoma:sumasoma@cluster0-io8gy.mongodb.net/test?retryWrites=true&w=majority\n","level":"info"}
{"message":"Seeding collection = courses","level":"info"}
{"message":"Seeding collection = instructors","level":"info"}
{"message":"Seeding collection = sections","level":"info"}
{"message":"Seeding collection = students","level":"info"}
{"message":"Environment variables loaded into process.env.","level":"info"}
{"error":{"errno":-4058,"syscall":"stat","code":"ENOENT","path":"C:\\Users\\S537239\\Desktop\\mvc-app\\public\\images\\favicon.ico"},"level":"error","message":"uncaughtException: ENOENT: no such file or directory, stat 'C:\\Users\\S537239\\Desktop\\mvc-app\\public\\images\\favicon.ico'\nError: ENOENT: no such file or directory, stat 'C:\\Users\\S537239\\Desktop\\mvc-app\\public\\images\\favicon.ico'\n    at Object.statSync (fs.js:915:3)\n    at resolveSync (C:\\Users\\S537239\\Desktop\\mvc-app\\node_modules\\serve-favicon\\index.js:187:17)\n    at favicon (C:\\Users\\S537239\\Desktop\\mvc-app\\node_modules\\serve-favicon\\index.js:61:12)\n    at Object.<anonymous> (C:\\Users\\S537239\\Desktop\\mvc-app\\app.js:124:9)\n    at Module._compile (internal/modules/cjs/loader.js:956:30)\n    at Object.Module._extensions..js (internal/modules/cjs/loader.js:973:10)\n    at Module.load (internal/modules/cjs/loader.js:812:32)\n    at Function.Module._load (internal/modules/cjs/loader.js:724:14)\n    at Function.Module.runMain (internal/modules/cjs/loader.js:1025:10)\n    at internal/main/run_main_module.js:17:11","stack":"Error: ENOENT: no such file or directory, stat 'C:\\Users\\S537239\\Desktop\\mvc-app\\public\\images\\favicon.ico'\n    at Object.statSync (fs.js:915:3)\n    at resolveSync (C:\\Users\\S537239\\Desktop\\mvc-app\\node_modules\\serve-favicon\\index.js:187:17)\n    at favicon (C:\\Users\\S537239\\Desktop\\mvc-app\\node_modules\\serve-favicon\\index.js:61:12)\n    at Object.<anonymous> (C:\\Users\\S537239\\Desktop\\mvc-app\\app.js:124:9)\n    at Module._compile (internal/modules/cjs/loader.js:956:30)\n    at Object.Module._extensions..js (internal/modules/cjs/loader.js:973:10)\n    at Module.load (internal/modules/cjs/loader.js:812:32)\n    at Function.Module._load (internal/modules/cjs/loader.js:724:14)\n    at Function.Module.runMain (internal/modules/cjs/loader.js:1025:10)\n    at internal/main/run_main_module.js:17:11","exception":true,"date":"Tue Dec 03 2019 19:55:27 GMT-0600 (Central Standard Time)","process":{"pid":9260,"uid":null,"gid":null,"cwd":"C:\\Users\\S537239\\Desktop\\mvc-app","execPath":"C:\\Program Files\\nodejs\\node.exe","version":"v12.12.0","argv":["C:\\Program Files\\nodejs\\node.exe","C:\\Users\\S537239\\Desktop\\mvc-app\\app.js"],"memoryUsage":{"rss":51314688,"heapTotal":29876224,"heapUsed":19743512,"external":20005383}},"os":{"loadavg":[0,0,0],"uptime":1450226},"trace":[{"column":3,"file":"fs.js","function":"Object.statSync","line":915,"method":"statSync","native":false},{"column":17,"file":"C:\\Users\\S537239\\Desktop\\mvc-app\\node_modules\\serve-favicon\\index.js","function":"resolveSync","line":187,"method":null,"native":false},{"column":12,"file":"C:\\Users\\S537239\\Desktop\\mvc-app\\node_modules\\serve-favicon\\index.js","function":"favicon","line":61,"method":null,"native":false},{"column":9,"file":"C:\\Users\\S537239\\Desktop\\mvc-app\\app.js","function":null,"line":124,"method":null,"native":false},{"column":30,"file":"internal/modules/cjs/loader.js","function":"Module._compile","line":956,"method":"_compile","native":false},{"column":10,"file":"internal/modules/cjs/loader.js","function":"Module._extensions..js","line":973,"method":".js","native":false},{"column":32,"file":"internal/modules/cjs/loader.js","function":"Module.load","line":812,"method":"load","native":false},{"column":14,"file":"internal/modules/cjs/loader.js","function":"Module._load","line":724,"method":"_load","native":false},{"column":10,"file":"internal/modules/cjs/loader.js","function":"Module.runMain","line":1025,"method":"runMain","native":false},{"column":11,"file":"internal/main/run_main_module.js","function":null,"line":17,"method":null,"native":false}]}
{"message":"Running on 3004","level":"info"}
{"message":"Environment isProduction = true","level":"info"}
{"message":"MongoDB URL = mongodb+srv://sumasoma:sumasoma@cluster0-io8gy.mongodb.net/test?retryWrites=true&w=majority","level":"info"}
{"message":"MongoDB event open","level":"info"}
{"message":"MongoDB connected mongodb+srv://sumasoma:sumasoma@cluster0-io8gy.mongodb.net/test?retryWrites=true&w=majority\n","level":"info"}
{"message":"Seeding collection = courses","level":"info"}
{"message":"Seeding collection = instructors","level":"info"}
{"message":"Seeding collection = sections","level":"info"}
{"message":"Seeding collection = students","level":"info"}
{"message":"Environment variables loaded into process.env.","level":"info"}
{"error":{"errno":-4058,"syscall":"stat","code":"ENOENT","path":"C:\\Users\\S537239\\Desktop\\mvc-app\\public\\images\\favicon.ico"},"level":"error","message":"uncaughtException: ENOENT: no such file or directory, stat 'C:\\Users\\S537239\\Desktop\\mvc-app\\public\\images\\favicon.ico'\nError: ENOENT: no such file or directory, stat 'C:\\Users\\S537239\\Desktop\\mvc-app\\public\\images\\favicon.ico'\n    at Object.statSync (fs.js:915:3)\n    at resolveSync (C:\\Users\\S537239\\Desktop\\mvc-app\\node_modules\\serve-favicon\\index.js:187:17)\n    at favicon (C:\\Users\\S537239\\Desktop\\mvc-app\\node_modules\\serve-favicon\\index.js:61:12)\n    at Object.<anonymous> (C:\\Users\\S537239\\Desktop\\mvc-app\\app.js:124:9)\n    at Module._compile (internal/modules/cjs/loader.js:956:30)\n    at Object.Module._extensions..js (internal/modules/cjs/loader.js:973:10)\n    at Module.load (internal/modules/cjs/loader.js:812:32)\n    at Function.Module._load (internal/modules/cjs/loader.js:724:14)\n    at Function.Module.runMain (internal/modules/cjs/loader.js:1025:10)\n    at internal/main/run_main_module.js:17:11","stack":"Error: ENOENT: no such file or directory, stat 'C:\\Users\\S537239\\Desktop\\mvc-app\\public\\images\\favicon.ico'\n    at Object.statSync (fs.js:915:3)\n    at resolveSync (C:\\Users\\S537239\\Desktop\\mvc-app\\node_modules\\serve-favicon\\index.js:187:17)\n    at favicon (C:\\Users\\S537239\\Desktop\\mvc-app\\node_modules\\serve-favicon\\index.js:61:12)\n    at Object.<anonymous> (C:\\Users\\S537239\\Desktop\\mvc-app\\app.js:124:9)\n    at Module._compile (internal/modules/cjs/loader.js:956:30)\n    at Object.Module._extensions..js (internal/modules/cjs/loader.js:973:10)\n    at Module.load (internal/modules/cjs/loader.js:812:32)\n    at Function.Module._load (internal/modules/cjs/loader.js:724:14)\n    at Function.Module.runMain (internal/modules/cjs/loader.js:1025:10)\n    at internal/main/run_main_module.js:17:11","exception":true,"date":"Tue Dec 03 2019 19:56:44 GMT-0600 (Central Standard Time)","process":{"pid":13592,"uid":null,"gid":null,"cwd":"C:\\Users\\S537239\\Desktop\\mvc-app","execPath":"C:\\Program Files\\nodejs\\node.exe","version":"v12.12.0","argv":["C:\\Program Files\\nodejs\\node.exe","C:\\Users\\S537239\\Desktop\\mvc-app\\app.js"],"memoryUsage":{"rss":49893376,"heapTotal":30662656,"heapUsed":19099176,"external":19877507}},"os":{"loadavg":[0,0,0],"uptime":1450303},"trace":[{"column":3,"file":"fs.js","function":"Object.statSync","line":915,"method":"statSync","native":false},{"column":17,"file":"C:\\Users\\S537239\\Desktop\\mvc-app\\node_modules\\serve-favicon\\index.js","function":"resolveSync","line":187,"method":null,"native":false},{"column":12,"file":"C:\\Users\\S537239\\Desktop\\mvc-app\\node_modules\\serve-favicon\\index.js","function":"favicon","line":61,"method":null,"native":false},{"column":9,"file":"C:\\Users\\S537239\\Desktop\\mvc-app\\app.js","function":null,"line":124,"method":null,"native":false},{"column":30,"file":"internal/modules/cjs/loader.js","function":"Module._compile","line":956,"method":"_compile","native":false},{"column":10,"file":"internal/modules/cjs/loader.js","function":"Module._extensions..js","line":973,"method":".js","native":false},{"column":32,"file":"internal/modules/cjs/loader.js","function":"Module.load","line":812,"method":"load","native":false},{"column":14,"file":"internal/modules/cjs/loader.js","function":"Module._load","line":724,"method":"_load","native":false},{"column":10,"file":"internal/modules/cjs/loader.js","function":"Module.runMain","line":1025,"method":"runMain","native":false},{"column":11,"file":"internal/main/run_main_module.js","function":null,"line":17,"method":null,"native":false}]}
{"message":"Running on 3004","level":"info"}
{"message":"Environment isProduction = true","level":"info"}
{"message":"MongoDB URL = mongodb+srv://sumasoma:sumasoma@cluster0-io8gy.mongodb.net/test?retryWrites=true&w=majority","level":"info"}
{"message":"MongoDB event open","level":"info"}
{"message":"MongoDB connected mongodb+srv://sumasoma:sumasoma@cluster0-io8gy.mongodb.net/test?retryWrites=true&w=majority\n","level":"info"}
{"message":"Seeding collection = courses","level":"info"}
{"message":"Seeding collection = instructors","level":"info"}
{"message":"Seeding collection = sections","level":"info"}
{"message":"Seeding collection = students","level":"info"}
{"message":"Environment variables loaded into process.env.","level":"info"}
{"error":{},"level":"error","message":"uncaughtException: errorHandler is not defined\nReferenceError: errorHandler is not defined\n    at Object.<anonymous> (C:\\Users\\S537239\\Desktop\\mvc-app\\app.js:133:5)\n    at Module._compile (internal/modules/cjs/loader.js:956:30)\n    at Object.Module._extensions..js (internal/modules/cjs/loader.js:973:10)\n    at Module.load (internal/modules/cjs/loader.js:812:32)\n    at Function.Module._load (internal/modules/cjs/loader.js:724:14)\n    at Function.Module.runMain (internal/modules/cjs/loader.js:1025:10)\n    at internal/main/run_main_module.js:17:11","stack":"ReferenceError: errorHandler is not defined\n    at Object.<anonymous> (C:\\Users\\S537239\\Desktop\\mvc-app\\app.js:133:5)\n    at Module._compile (internal/modules/cjs/loader.js:956:30)\n    at Object.Module._extensions..js (internal/modules/cjs/loader.js:973:10)\n    at Module.load (internal/modules/cjs/loader.js:812:32)\n    at Function.Module._load (internal/modules/cjs/loader.js:724:14)\n    at Function.Module.runMain (internal/modules/cjs/loader.js:1025:10)\n    at internal/main/run_main_module.js:17:11","exception":true,"date":"Tue Dec 03 2019 19:58:28 GMT-0600 (Central Standard Time)","process":{"pid":12716,"uid":null,"gid":null,"cwd":"C:\\Users\\S537239\\Desktop\\mvc-app","execPath":"C:\\Program Files\\nodejs\\node.exe","version":"v12.12.0","argv":["C:\\Program Files\\nodejs\\node.exe","C:\\Users\\S537239\\Desktop\\mvc-app\\app.js"],"memoryUsage":{"rss":49704960,"heapTotal":30924800,"heapUsed":18774424,"external":19810543}},"os":{"loadavg":[0,0,0],"uptime":1450407},"trace":[{"column":5,"file":"C:\\Users\\S537239\\Desktop\\mvc-app\\app.js","function":null,"line":133,"method":null,"native":false},{"column":30,"file":"internal/modules/cjs/loader.js","function":"Module._compile","line":956,"method":"_compile","native":false},{"column":10,"file":"internal/modules/cjs/loader.js","function":"Module._extensions..js","line":973,"method":".js","native":false},{"column":32,"file":"internal/modules/cjs/loader.js","function":"Module.load","line":812,"method":"load","native":false},{"column":14,"file":"internal/modules/cjs/loader.js","function":"Module._load","line":724,"method":"_load","native":false},{"column":10,"file":"internal/modules/cjs/loader.js","function":"Module.runMain","line":1025,"method":"runMain","native":false},{"column":11,"file":"internal/main/run_main_module.js","function":null,"line":17,"method":null,"native":false}]}
{"message":"Running on 3004","level":"info"}
{"message":"Environment isProduction = true","level":"info"}
{"message":"MongoDB URL = mongodb+srv://sumasoma:sumasoma@cluster0-io8gy.mongodb.net/test?retryWrites=true&w=majority","level":"info"}
{"message":"MongoDB event open","level":"info"}
{"message":"MongoDB connected mongodb+srv://sumasoma:sumasoma@cluster0-io8gy.mongodb.net/test?retryWrites=true&w=majority\n","level":"info"}
{"message":"Seeding collection = courses","level":"info"}
{"message":"Seeding collection = instructors","level":"info"}
{"message":"Seeding collection = sections","level":"info"}
{"message":"Seeding collection = students","level":"info"}
{"message":"Environment variables loaded into process.env.","level":"info"}
{"error":{},"level":"error","message":"uncaughtException: errorHandler is not defined\nReferenceError: errorHandler is not defined\n    at Object.<anonymous> (C:\\Users\\S537239\\Desktop\\mvc-app\\app.js:133:5)\n    at Module._compile (internal/modules/cjs/loader.js:956:30)\n    at Object.Module._extensions..js (internal/modules/cjs/loader.js:973:10)\n    at Module.load (internal/modules/cjs/loader.js:812:32)\n    at Function.Module._load (internal/modules/cjs/loader.js:724:14)\n    at Function.Module.runMain (internal/modules/cjs/loader.js:1025:10)\n    at internal/main/run_main_module.js:17:11","stack":"ReferenceError: errorHandler is not defined\n    at Object.<anonymous> (C:\\Users\\S537239\\Desktop\\mvc-app\\app.js:133:5)\n    at Module._compile (internal/modules/cjs/loader.js:956:30)\n    at Object.Module._extensions..js (internal/modules/cjs/loader.js:973:10)\n    at Module.load (internal/modules/cjs/loader.js:812:32)\n    at Function.Module._load (internal/modules/cjs/loader.js:724:14)\n    at Function.Module.runMain (internal/modules/cjs/loader.js:1025:10)\n    at internal/main/run_main_module.js:17:11","exception":true,"date":"Tue Dec 03 2019 19:59:12 GMT-0600 (Central Standard Time)","process":{"pid":16176,"uid":null,"gid":null,"cwd":"C:\\Users\\S537239\\Desktop\\mvc-app","execPath":"C:\\Program Files\\nodejs\\node.exe","version":"v12.12.0","argv":["C:\\Program Files\\nodejs\\node.exe","C:\\Users\\S537239\\Desktop\\mvc-app\\app"],"memoryUsage":{"rss":50982912,"heapTotal":29876224,"heapUsed":19788216,"external":20002072}},"os":{"loadavg":[0,0,0],"uptime":1450451},"trace":[{"column":5,"file":"C:\\Users\\S537239\\Desktop\\mvc-app\\app.js","function":null,"line":133,"method":null,"native":false},{"column":30,"file":"internal/modules/cjs/loader.js","function":"Module._compile","line":956,"method":"_compile","native":false},{"column":10,"file":"internal/modules/cjs/loader.js","function":"Module._extensions..js","line":973,"method":".js","native":false},{"column":32,"file":"internal/modules/cjs/loader.js","function":"Module.load","line":812,"method":"load","native":false},{"column":14,"file":"internal/modules/cjs/loader.js","function":"Module._load","line":724,"method":"_load","native":false},{"column":10,"file":"internal/modules/cjs/loader.js","function":"Module.runMain","line":1025,"method":"runMain","native":false},{"column":11,"file":"internal/main/run_main_module.js","function":null,"line":17,"method":null,"native":false}]}
{"message":"Running on 3004","level":"info"}
{"message":"Environment isProduction = true","level":"info"}
{"message":"MongoDB URL = mongodb+srv://sumasoma:sumasoma@cluster0-io8gy.mongodb.net/test?retryWrites=true&w=majority","level":"info"}
{"message":"MongoDB event open","level":"info"}
{"message":"MongoDB connected mongodb+srv://sumasoma:sumasoma@cluster0-io8gy.mongodb.net/test?retryWrites=true&w=majority\n","level":"info"}
{"message":"Seeding collection = courses","level":"info"}
{"message":"Seeding collection = instructors","level":"info"}
{"message":"Seeding collection = sections","level":"info"}
{"message":"Seeding collection = students","level":"info"}
{"message":"Environment variables loaded into process.env.","level":"info"}
{"message":"Running on 3004","level":"info"}
{"message":"Environment isProduction = true","level":"info"}
{"message":"MongoDB URL = mongodb+srv://sumasoma:sumasoma@cluster0-io8gy.mongodb.net/test?retryWrites=true&w=majority","level":"info"}
{"message":"Loaded routing.","level":"info"}
{"message":"GET /","level":"debug"}
{"message":"MongoDB event open","level":"info"}
{"message":"MongoDB connected mongodb+srv://sumasoma:sumasoma@cluster0-io8gy.mongodb.net/test?retryWrites=true&w=majority\n","level":"info"}
{"message":"Seeding collection = courses","level":"info"}
{"message":"Seeding collection = instructors","level":"info"}
{"message":"Seeding collection = sections","level":"info"}
{"message":"Seeding collection = students","level":"info"}
{"message":"GET /images/manifest.json","level":"debug"}
{"message":"GET /student","level":"debug"}
{"message":"Handling GET / [object Object]","level":"info"}
{"message":"GET /images/manifest.json","level":"debug"}
{"message":"GET /student","level":"debug"}
{"message":"Handling GET / [object Object]","level":"info"}
{"message":"GET /images/manifest.json","level":"debug"}
{"message":"GET /developer","level":"debug"}
{"message":"GET /images/manifest.json","level":"debug"}
{"message":"GET /student","level":"debug"}
{"message":"Handling GET / [object Object]","level":"info"}
{"message":"GET /images/manifest.json","level":"debug"}
{"message":"GET /course","level":"debug"}
{"message":"GET /images/manifest.json","level":"debug"}
{"message":"GET /instructor","level":"debug"}
{"message":"GET /images/manifest.json","level":"debug"}
{"message":"GET /section","level":"debug"}
{"message":"GET /images/manifest.json","level":"debug"}
{"message":"GET /section","level":"debug"}
{"message":"GET /images/manifest.json","level":"debug"}
{"message":"GET /instructor","level":"debug"}
{"message":"GET /images/manifest.json","level":"debug"}
{"message":"GET /course","level":"debug"}
{"message":"GET /images/manifest.json","level":"debug"}
{"message":"GET /student","level":"debug"}
{"message":"Handling GET / [object Object]","level":"info"}
{"message":"GET /images/manifest.json","level":"debug"}
{"message":"GET /student/create","level":"debug"}
{"message":"Handling GET /create [object Object]","level":"info"}
{"message":"GET /images/manifest.json","level":"debug"}
{"message":"POST /developer/save","level":"debug"}
{"message":"GET /","level":"debug"}
{"message":"GET /images/manifest.json","level":"debug"}
{"message":"GET /student","level":"debug"}
{"message":"Handling GET / [object Object]","level":"info"}
{"message":"GET /images/manifest.json","level":"debug"}
{"message":"Environment variables loaded into process.env.","level":"info"}
{"message":"Running on 3004","level":"info"}
{"message":"Environment isProduction = true","level":"info"}
{"message":"MongoDB URL = mongodb+srv://sumasoma:sumasoma@cluster0-io8gy.mongodb.net/test?retryWrites=true&w=majority","level":"info"}
{"message":"Loaded routing.","level":"info"}
{"message":"MongoDB event open","level":"info"}
{"message":"MongoDB connected mongodb+srv://sumasoma:sumasoma@cluster0-io8gy.mongodb.net/test?retryWrites=true&w=majority\n","level":"info"}
{"message":"Seeding collection = courses","level":"info"}
{"message":"Seeding collection = instructors","level":"info"}
{"message":"Seeding collection = sections","level":"info"}
{"message":"Seeding collection = students","level":"info"}
{"message":"GET /student","level":"debug"}
{"message":"Handling GET / [object Object]","level":"info"}
{"message":"GET /images/manifest.json","level":"debug"}
{"message":"GET /student","level":"debug"}
{"message":"Handling GET / [object Object]","level":"info"}
{"message":"GET /images/manifest.json","level":"debug"}
{"message":"GET /student","level":"debug"}
{"message":"Handling GET / [object Object]","level":"info"}
{"message":"GET /images/manifest.json","level":"debug"}
{"message":"Environment variables loaded into process.env.","level":"info"}
{"message":"Running on 3004","level":"info"}
{"message":"Environment isProduction = true","level":"info"}
{"message":"MongoDB URL = mongodb+srv://sumasoma:sumasoma@cluster0-io8gy.mongodb.net/test?retryWrites=true&w=majority","level":"info"}
{"message":"Loaded routing.","level":"info"}
{"message":"MongoDB event open","level":"info"}
{"message":"MongoDB connected mongodb+srv://sumasoma:sumasoma@cluster0-io8gy.mongodb.net/test?retryWrites=true&w=majority\n","level":"info"}
{"message":"Seeding collection = courses","level":"info"}
{"message":"Seeding collection = instructors","level":"info"}
{"message":"Seeding collection = sections","level":"info"}
{"message":"Seeding collection = students","level":"info"}
{"message":"GET /student","level":"debug"}
{"message":"Handling GET / [object Object]","level":"info"}
{"message":"GET /images/manifest.json","level":"debug"}
{"message":"GET /student","level":"debug"}
{"message":"Handling GET / [object Object]","level":"info"}
{"message":"GET /student","level":"debug"}
{"message":"Handling GET / [object Object]","level":"info"}
{"message":"GET /images/manifest.json","level":"debug"}
{"message":"GET /student","level":"debug"}
{"message":"Handling GET / [object Object]","level":"info"}
{"message":"GET /student","level":"debug"}
{"message":"Handling GET / [object Object]","level":"info"}
{"message":"GET /images/manifest.json","level":"debug"}
{"message":"GET /student","level":"debug"}
{"message":"Handling GET / [object Object]","level":"info"}
{"message":"GET /student","level":"debug"}
{"message":"GET /images/manifest.json","level":"debug"}
{"message":"Handling GET / [object Object]","level":"info"}
{"message":"GET /student","level":"debug"}
{"message":"Handling GET / [object Object]","level":"info"}
{"message":"GET /images/manifest.json","level":"debug"}
{"message":"GET /student","level":"debug"}
{"message":"Handling GET / [object Object]","level":"info"}
{"message":"GET /images/manifest.json","level":"debug"}
{"message":"GET /","level":"debug"}
{"message":"GET /images/manifest.json","level":"debug"}
{"message":"GET /student","level":"debug"}
{"message":"Handling GET / [object Object]","level":"info"}
{"message":"GET /images/manifest.json","level":"debug"}
{"message":"Environment variables loaded into process.env.","level":"info"}
{"message":"Running on 3004","level":"info"}
{"message":"Environment isProduction = true","level":"info"}
{"message":"MongoDB URL = mongodb+srv://sumasoma:sumasoma@cluster0-io8gy.mongodb.net/test?retryWrites=true&w=majority","level":"info"}
{"message":"Loaded routing.","level":"info"}
{"message":"MongoDB event open","level":"info"}
{"message":"MongoDB connected mongodb+srv://sumasoma:sumasoma@cluster0-io8gy.mongodb.net/test?retryWrites=true&w=majority\n","level":"info"}
{"message":"Seeding collection = courses","level":"info"}
{"message":"Seeding collection = instructors","level":"info"}
{"message":"Seeding collection = sections","level":"info"}
{"message":"Seeding collection = students","level":"info"}
{"message":"GET /student","level":"debug"}
{"message":"Handling GET / [object Object]","level":"info"}
{"message":"GET /images/manifest.json","level":"debug"}
{"message":"GET /student","level":"debug"}
{"message":"Handling GET / [object Object]","level":"info"}
{"message":"GET /student","level":"debug"}
{"message":"Handling GET / [object Object]","level":"info"}
{"message":"GET /images/manifest.json","level":"debug"}
{"message":"GET /student","level":"debug"}
{"message":"Handling GET / [object Object]","level":"info"}
{"message":"GET /student","level":"debug"}
{"message":"Handling GET / [object Object]","level":"info"}
{"message":"GET /student","level":"debug"}
{"message":"Handling GET / [object Object]","level":"info"}
{"message":"GET /student","level":"debug"}
{"message":"Handling GET / [object Object]","level":"info"}
{"message":"GET /images/manifest.json","level":"debug"}
{"message":"GET /student","level":"debug"}
{"message":"Handling GET / [object Object]","level":"info"}
{"message":"GET /images/manifest.json","level":"debug"}
{"message":"GET /","level":"debug"}
{"message":"GET /images/manifest.json","level":"debug"}
{"message":"GET /student","level":"debug"}
{"message":"Handling GET / [object Object]","level":"info"}
{"message":"GET /images/manifest.json","level":"debug"}
{"message":"GET /","level":"debug"}
{"message":"GET /images/manifest.json","level":"debug"}
{"message":"GET /student/findall","level":"debug"}
{"message":"Handling /findall [object Object]","level":"info"}
{"message":"GET /images/manifest.json","level":"debug"}
{"message":"GET /student","level":"debug"}
{"message":"Handling GET / [object Object]","level":"info"}
{"message":"GET /images/manifest.json","level":"debug"}
{"message":"Environment variables loaded into process.env.","level":"info"}
{"error":{"errno":-4058,"syscall":"stat","code":"ENOENT","path":"C:\\Users\\S537239\\Desktop\\mvc-app\\public\\images\\favicon.ico"},"level":"error","message":"uncaughtException: ENOENT: no such file or directory, stat 'C:\\Users\\S537239\\Desktop\\mvc-app\\public\\images\\favicon.ico'\nError: ENOENT: no such file or directory, stat 'C:\\Users\\S537239\\Desktop\\mvc-app\\public\\images\\favicon.ico'\n    at Object.statSync (fs.js:915:3)\n    at resolveSync (C:\\Users\\S537239\\Desktop\\mvc-app\\node_modules\\serve-favicon\\index.js:187:17)\n    at favicon (C:\\Users\\S537239\\Desktop\\mvc-app\\node_modules\\serve-favicon\\index.js:61:12)\n    at Object.<anonymous> (C:\\Users\\S537239\\Desktop\\mvc-app\\app.js:125:9)\n    at Module._compile (internal/modules/cjs/loader.js:956:30)\n    at Object.Module._extensions..js (internal/modules/cjs/loader.js:973:10)\n    at Module.load (internal/modules/cjs/loader.js:812:32)\n    at Function.Module._load (internal/modules/cjs/loader.js:724:14)\n    at Function.Module.runMain (internal/modules/cjs/loader.js:1025:10)\n    at internal/main/run_main_module.js:17:11","stack":"Error: ENOENT: no such file or directory, stat 'C:\\Users\\S537239\\Desktop\\mvc-app\\public\\images\\favicon.ico'\n    at Object.statSync (fs.js:915:3)\n    at resolveSync (C:\\Users\\S537239\\Desktop\\mvc-app\\node_modules\\serve-favicon\\index.js:187:17)\n    at favicon (C:\\Users\\S537239\\Desktop\\mvc-app\\node_modules\\serve-favicon\\index.js:61:12)\n    at Object.<anonymous> (C:\\Users\\S537239\\Desktop\\mvc-app\\app.js:125:9)\n    at Module._compile (internal/modules/cjs/loader.js:956:30)\n    at Object.Module._extensions..js (internal/modules/cjs/loader.js:973:10)\n    at Module.load (internal/modules/cjs/loader.js:812:32)\n    at Function.Module._load (internal/modules/cjs/loader.js:724:14)\n    at Function.Module.runMain (internal/modules/cjs/loader.js:1025:10)\n    at internal/main/run_main_module.js:17:11","exception":true,"date":"Tue Dec 03 2019 20:28:17 GMT-0600 (Central Standard Time)","process":{"pid":8916,"uid":null,"gid":null,"cwd":"C:\\Users\\S537239\\Desktop\\mvc-app","execPath":"C:\\Program Files\\nodejs\\node.exe","version":"v12.12.0","argv":["C:\\Program Files\\nodejs\\node.exe","C:\\Users\\S537239\\Desktop\\mvc-app\\app"],"memoryUsage":{"rss":49872896,"heapTotal":30662656,"heapUsed":19094848,"external":19885699}},"os":{"loadavg":[0,0,0],"uptime":1452196},"trace":[{"column":3,"file":"fs.js","function":"Object.statSync","line":915,"method":"statSync","native":false},{"column":17,"file":"C:\\Users\\S537239\\Desktop\\mvc-app\\node_modules\\serve-favicon\\index.js","function":"resolveSync","line":187,"method":null,"native":false},{"column":12,"file":"C:\\Users\\S537239\\Desktop\\mvc-app\\node_modules\\serve-favicon\\index.js","function":"favicon","line":61,"method":null,"native":false},{"column":9,"file":"C:\\Users\\S537239\\Desktop\\mvc-app\\app.js","function":null,"line":125,"method":null,"native":false},{"column":30,"file":"internal/modules/cjs/loader.js","function":"Module._compile","line":956,"method":"_compile","native":false},{"column":10,"file":"internal/modules/cjs/loader.js","function":"Module._extensions..js","line":973,"method":".js","native":false},{"column":32,"file":"internal/modules/cjs/loader.js","function":"Module.load","line":812,"method":"load","native":false},{"column":14,"file":"internal/modules/cjs/loader.js","function":"Module._load","line":724,"method":"_load","native":false},{"column":10,"file":"internal/modules/cjs/loader.js","function":"Module.runMain","line":1025,"method":"runMain","native":false},{"column":11,"file":"internal/main/run_main_module.js","function":null,"line":17,"method":null,"native":false}]}
{"message":"Running on 3004","level":"info"}
{"message":"Environment isProduction = true","level":"info"}
{"message":"MongoDB URL = mongodb+srv://sumasoma:sumasoma@cluster0-loknv.mongodb.net/test?retryWrites=true&w=majority","level":"info"}
{"message":"MongoDB event open","level":"info"}
{"message":"MongoDB connected mongodb+srv://sumasoma:sumasoma@cluster0-loknv.mongodb.net/test?retryWrites=true&w=majority\n","level":"info"}
{"message":"Seeding collection = courses","level":"info"}
{"message":"Seeding collection = instructors","level":"info"}
{"message":"Seeding collection = sections","level":"info"}
{"message":"Seeding collection = students","level":"info"}
{"message":"Environment variables loaded into process.env.","level":"info"}
{"error":{"errno":-4058,"syscall":"stat","code":"ENOENT","path":"C:\\Users\\S537239\\Desktop\\mvc-app\\public\\images\\favicon.ico"},"level":"error","message":"uncaughtException: ENOENT: no such file or directory, stat 'C:\\Users\\S537239\\Desktop\\mvc-app\\public\\images\\favicon.ico'\nError: ENOENT: no such file or directory, stat 'C:\\Users\\S537239\\Desktop\\mvc-app\\public\\images\\favicon.ico'\n    at Object.statSync (fs.js:915:3)\n    at resolveSync (C:\\Users\\S537239\\Desktop\\mvc-app\\node_modules\\serve-favicon\\index.js:187:17)\n    at favicon (C:\\Users\\S537239\\Desktop\\mvc-app\\node_modules\\serve-favicon\\index.js:61:12)\n    at Object.<anonymous> (C:\\Users\\S537239\\Desktop\\mvc-app\\app.js:125:9)\n    at Module._compile (internal/modules/cjs/loader.js:956:30)\n    at Object.Module._extensions..js (internal/modules/cjs/loader.js:973:10)\n    at Module.load (internal/modules/cjs/loader.js:812:32)\n    at Function.Module._load (internal/modules/cjs/loader.js:724:14)\n    at Function.Module.runMain (internal/modules/cjs/loader.js:1025:10)\n    at internal/main/run_main_module.js:17:11","stack":"Error: ENOENT: no such file or directory, stat 'C:\\Users\\S537239\\Desktop\\mvc-app\\public\\images\\favicon.ico'\n    at Object.statSync (fs.js:915:3)\n    at resolveSync (C:\\Users\\S537239\\Desktop\\mvc-app\\node_modules\\serve-favicon\\index.js:187:17)\n    at favicon (C:\\Users\\S537239\\Desktop\\mvc-app\\node_modules\\serve-favicon\\index.js:61:12)\n    at Object.<anonymous> (C:\\Users\\S537239\\Desktop\\mvc-app\\app.js:125:9)\n    at Module._compile (internal/modules/cjs/loader.js:956:30)\n    at Object.Module._extensions..js (internal/modules/cjs/loader.js:973:10)\n    at Module.load (internal/modules/cjs/loader.js:812:32)\n    at Function.Module._load (internal/modules/cjs/loader.js:724:14)\n    at Function.Module.runMain (internal/modules/cjs/loader.js:1025:10)\n    at internal/main/run_main_module.js:17:11","exception":true,"date":"Tue Dec 03 2019 20:31:06 GMT-0600 (Central Standard Time)","process":{"pid":14736,"uid":null,"gid":null,"cwd":"C:\\Users\\S537239\\Desktop\\mvc-app","execPath":"C:\\Program Files\\nodejs\\node.exe","version":"v12.12.0","argv":["C:\\Program Files\\nodejs\\node.exe","C:\\Users\\S537239\\Desktop\\mvc-app\\app"],"memoryUsage":{"rss":49954816,"heapTotal":30662656,"heapUsed":18992576,"external":19869315}},"os":{"loadavg":[0,0,0],"uptime":1452365},"trace":[{"column":3,"file":"fs.js","function":"Object.statSync","line":915,"method":"statSync","native":false},{"column":17,"file":"C:\\Users\\S537239\\Desktop\\mvc-app\\node_modules\\serve-favicon\\index.js","function":"resolveSync","line":187,"method":null,"native":false},{"column":12,"file":"C:\\Users\\S537239\\Desktop\\mvc-app\\node_modules\\serve-favicon\\index.js","function":"favicon","line":61,"method":null,"native":false},{"column":9,"file":"C:\\Users\\S537239\\Desktop\\mvc-app\\app.js","function":null,"line":125,"method":null,"native":false},{"column":30,"file":"internal/modules/cjs/loader.js","function":"Module._compile","line":956,"method":"_compile","native":false},{"column":10,"file":"internal/modules/cjs/loader.js","function":"Module._extensions..js","line":973,"method":".js","native":false},{"column":32,"file":"internal/modules/cjs/loader.js","function":"Module.load","line":812,"method":"load","native":false},{"column":14,"file":"internal/modules/cjs/loader.js","function":"Module._load","line":724,"method":"_load","native":false},{"column":10,"file":"internal/modules/cjs/loader.js","function":"Module.runMain","line":1025,"method":"runMain","native":false},{"column":11,"file":"internal/main/run_main_module.js","function":null,"line":17,"method":null,"native":false}]}
{"message":"Running on 3004","level":"info"}
{"message":"Environment isProduction = true","level":"info"}
{"message":"MongoDB URL = mongodb+srv://sumasoma:sumasoma@cluster0-loknv.mongodb.net/test?retryWrites=true&w=majority","level":"info"}
{"message":"MongoDB event open","level":"info"}
{"message":"MongoDB connected mongodb+srv://sumasoma:sumasoma@cluster0-loknv.mongodb.net/test?retryWrites=true&w=majority\n","level":"info"}
{"message":"Seeding collection = courses","level":"info"}
{"message":"Seeding collection = instructors","level":"info"}
{"message":"Seeding collection = sections","level":"info"}
{"message":"Seeding collection = students","level":"info"}
{"message":"Environment variables loaded into process.env.","level":"info"}
{"error":{},"level":"error","message":"uncaughtException: favicon is not defined\nReferenceError: favicon is not defined\n    at Object.<anonymous> (C:\\Users\\S537239\\Desktop\\mvc-app\\app.js:124:5)\n    at Module._compile (internal/modules/cjs/loader.js:956:30)\n    at Object.Module._extensions..js (internal/modules/cjs/loader.js:973:10)\n    at Module.load (internal/modules/cjs/loader.js:812:32)\n    at Function.Module._load (internal/modules/cjs/loader.js:724:14)\n    at Function.Module.runMain (internal/modules/cjs/loader.js:1025:10)\n    at internal/main/run_main_module.js:17:11","stack":"ReferenceError: favicon is not defined\n    at Object.<anonymous> (C:\\Users\\S537239\\Desktop\\mvc-app\\app.js:124:5)\n    at Module._compile (internal/modules/cjs/loader.js:956:30)\n    at Object.Module._extensions..js (internal/modules/cjs/loader.js:973:10)\n    at Module.load (internal/modules/cjs/loader.js:812:32)\n    at Function.Module._load (internal/modules/cjs/loader.js:724:14)\n    at Function.Module.runMain (internal/modules/cjs/loader.js:1025:10)\n    at internal/main/run_main_module.js:17:11","exception":true,"date":"Tue Dec 03 2019 20:36:22 GMT-0600 (Central Standard Time)","process":{"pid":18016,"uid":null,"gid":null,"cwd":"C:\\Users\\S537239\\Desktop\\mvc-app","execPath":"C:\\Program Files\\nodejs\\node.exe","version":"v12.12.0","argv":["C:\\Program Files\\nodejs\\node.exe","C:\\Users\\S537239\\Desktop\\mvc-app\\app"],"memoryUsage":{"rss":49446912,"heapTotal":30662656,"heapUsed":18778864,"external":19850201}},"os":{"loadavg":[0,0,0],"uptime":1452680},"trace":[{"column":5,"file":"C:\\Users\\S537239\\Desktop\\mvc-app\\app.js","function":null,"line":124,"method":null,"native":false},{"column":30,"file":"internal/modules/cjs/loader.js","function":"Module._compile","line":956,"method":"_compile","native":false},{"column":10,"file":"internal/modules/cjs/loader.js","function":"Module._extensions..js","line":973,"method":".js","native":false},{"column":32,"file":"internal/modules/cjs/loader.js","function":"Module.load","line":812,"method":"load","native":false},{"column":14,"file":"internal/modules/cjs/loader.js","function":"Module._load","line":724,"method":"_load","native":false},{"column":10,"file":"internal/modules/cjs/loader.js","function":"Module.runMain","line":1025,"method":"runMain","native":false},{"column":11,"file":"internal/main/run_main_module.js","function":null,"line":17,"method":null,"native":false}]}
{"message":"Running on 3004","level":"info"}
{"message":"Environment isProduction = true","level":"info"}
{"message":"MongoDB URL = mongodb+srv://sumasoma:sumasoma@cluster0-loknv.mongodb.net/test?retryWrites=true&w=majority","level":"info"}
{"message":"MongoDB event open","level":"info"}
{"message":"MongoDB connected mongodb+srv://sumasoma:sumasoma@cluster0-loknv.mongodb.net/test?retryWrites=true&w=majority\n","level":"info"}
{"message":"Seeding collection = courses","level":"info"}
{"message":"Seeding collection = instructors","level":"info"}
{"message":"Seeding collection = sections","level":"info"}
{"message":"Seeding collection = students","level":"info"}
{"message":"Environment variables loaded into process.env.","level":"info"}
{"error":{},"level":"error","message":"uncaughtException: favicon is not defined\nReferenceError: favicon is not defined\n    at Object.<anonymous> (C:\\Users\\S537239\\Desktop\\mvc-app\\app.js:124:5)\n    at Module._compile (internal/modules/cjs/loader.js:956:30)\n    at Object.Module._extensions..js (internal/modules/cjs/loader.js:973:10)\n    at Module.load (internal/modules/cjs/loader.js:812:32)\n    at Function.Module._load (internal/modules/cjs/loader.js:724:14)\n    at Function.Module.runMain (internal/modules/cjs/loader.js:1025:10)\n    at internal/main/run_main_module.js:17:11","stack":"ReferenceError: favicon is not defined\n    at Object.<anonymous> (C:\\Users\\S537239\\Desktop\\mvc-app\\app.js:124:5)\n    at Module._compile (internal/modules/cjs/loader.js:956:30)\n    at Object.Module._extensions..js (internal/modules/cjs/loader.js:973:10)\n    at Module.load (internal/modules/cjs/loader.js:812:32)\n    at Function.Module._load (internal/modules/cjs/loader.js:724:14)\n    at Function.Module.runMain (internal/modules/cjs/loader.js:1025:10)\n    at internal/main/run_main_module.js:17:11","exception":true,"date":"Tue Dec 03 2019 20:55:18 GMT-0600 (Central Standard Time)","process":{"pid":12440,"uid":null,"gid":null,"cwd":"C:\\Users\\S537239\\Desktop\\mvc-app","execPath":"C:\\Program Files\\nodejs\\node.exe","version":"v12.12.0","argv":["C:\\Program Files\\nodejs\\node.exe","C:\\Users\\S537239\\Desktop\\mvc-app\\app"],"memoryUsage":{"rss":49504256,"heapTotal":30924800,"heapUsed":18779416,"external":19810543}},"os":{"loadavg":[0,0,0],"uptime":1453817},"trace":[{"column":5,"file":"C:\\Users\\S537239\\Desktop\\mvc-app\\app.js","function":null,"line":124,"method":null,"native":false},{"column":30,"file":"internal/modules/cjs/loader.js","function":"Module._compile","line":956,"method":"_compile","native":false},{"column":10,"file":"internal/modules/cjs/loader.js","function":"Module._extensions..js","line":973,"method":".js","native":false},{"column":32,"file":"internal/modules/cjs/loader.js","function":"Module.load","line":812,"method":"load","native":false},{"column":14,"file":"internal/modules/cjs/loader.js","function":"Module._load","line":724,"method":"_load","native":false},{"column":10,"file":"internal/modules/cjs/loader.js","function":"Module.runMain","line":1025,"method":"runMain","native":false},{"column":11,"file":"internal/main/run_main_module.js","function":null,"line":17,"method":null,"native":false}]}
{"message":"Running on 3004","level":"info"}
{"message":"Environment isProduction = true","level":"info"}
{"message":"MongoDB URL = mongodb+srv://sumasoma:sumasoma@cluster0-loknv.mongodb.net/test?retryWrites=true&w=majority","level":"info"}
{"message":"MongoDB event open","level":"info"}
{"message":"MongoDB connected mongodb+srv://sumasoma:sumasoma@cluster0-loknv.mongodb.net/test?retryWrites=true&w=majority\n","level":"info"}
{"message":"Seeding collection = courses","level":"info"}
{"message":"Seeding collection = instructors","level":"info"}
{"message":"Seeding collection = sections","level":"info"}
{"message":"Seeding collection = students","level":"info"}
{"message":"Environment variables loaded into process.env.","level":"info"}
{"error":{"errno":-4058,"syscall":"stat","code":"ENOENT","path":"C:\\Users\\S537239\\Desktop\\mvc-app\\public\\images\\favicon.ico"},"level":"error","message":"uncaughtException: ENOENT: no such file or directory, stat 'C:\\Users\\S537239\\Desktop\\mvc-app\\public\\images\\favicon.ico'\nError: ENOENT: no such file or directory, stat 'C:\\Users\\S537239\\Desktop\\mvc-app\\public\\images\\favicon.ico'\n    at Object.statSync (fs.js:915:3)\n    at resolveSync (C:\\Users\\S537239\\Desktop\\mvc-app\\node_modules\\serve-favicon\\index.js:187:17)\n    at favicon (C:\\Users\\S537239\\Desktop\\mvc-app\\node_modules\\serve-favicon\\index.js:61:12)\n    at Object.<anonymous> (C:\\Users\\S537239\\Desktop\\mvc-app\\app.js:125:9)\n    at Module._compile (internal/modules/cjs/loader.js:956:30)\n    at Object.Module._extensions..js (internal/modules/cjs/loader.js:973:10)\n    at Module.load (internal/modules/cjs/loader.js:812:32)\n    at Function.Module._load (internal/modules/cjs/loader.js:724:14)\n    at Function.Module.runMain (internal/modules/cjs/loader.js:1025:10)\n    at internal/main/run_main_module.js:17:11","stack":"Error: ENOENT: no such file or directory, stat 'C:\\Users\\S537239\\Desktop\\mvc-app\\public\\images\\favicon.ico'\n    at Object.statSync (fs.js:915:3)\n    at resolveSync (C:\\Users\\S537239\\Desktop\\mvc-app\\node_modules\\serve-favicon\\index.js:187:17)\n    at favicon (C:\\Users\\S537239\\Desktop\\mvc-app\\node_modules\\serve-favicon\\index.js:61:12)\n    at Object.<anonymous> (C:\\Users\\S537239\\Desktop\\mvc-app\\app.js:125:9)\n    at Module._compile (internal/modules/cjs/loader.js:956:30)\n    at Object.Module._extensions..js (internal/modules/cjs/loader.js:973:10)\n    at Module.load (internal/modules/cjs/loader.js:812:32)\n    at Function.Module._load (internal/modules/cjs/loader.js:724:14)\n    at Function.Module.runMain (internal/modules/cjs/loader.js:1025:10)\n    at internal/main/run_main_module.js:17:11","exception":true,"date":"Tue Dec 03 2019 20:57:36 GMT-0600 (Central Standard Time)","process":{"pid":14660,"uid":null,"gid":null,"cwd":"C:\\Users\\S537239\\Desktop\\mvc-app","execPath":"C:\\Program Files\\nodejs\\node.exe","version":"v12.12.0","argv":["C:\\Program Files\\nodejs\\node.exe","C:\\Users\\S537239\\Desktop\\mvc-app\\app"],"memoryUsage":{"rss":51089408,"heapTotal":29876224,"heapUsed":20088552,"external":20026601}},"os":{"loadavg":[0,0,0],"uptime":1453955},"trace":[{"column":3,"file":"fs.js","function":"Object.statSync","line":915,"method":"statSync","native":false},{"column":17,"file":"C:\\Users\\S537239\\Desktop\\mvc-app\\node_modules\\serve-favicon\\index.js","function":"resolveSync","line":187,"method":null,"native":false},{"column":12,"file":"C:\\Users\\S537239\\Desktop\\mvc-app\\node_modules\\serve-favicon\\index.js","function":"favicon","line":61,"method":null,"native":false},{"column":9,"file":"C:\\Users\\S537239\\Desktop\\mvc-app\\app.js","function":null,"line":125,"method":null,"native":false},{"column":30,"file":"internal/modules/cjs/loader.js","function":"Module._compile","line":956,"method":"_compile","native":false},{"column":10,"file":"internal/modules/cjs/loader.js","function":"Module._extensions..js","line":973,"method":".js","native":false},{"column":32,"file":"internal/modules/cjs/loader.js","function":"Module.load","line":812,"method":"load","native":false},{"column":14,"file":"internal/modules/cjs/loader.js","function":"Module._load","line":724,"method":"_load","native":false},{"column":10,"file":"internal/modules/cjs/loader.js","function":"Module.runMain","line":1025,"method":"runMain","native":false},{"column":11,"file":"internal/main/run_main_module.js","function":null,"line":17,"method":null,"native":false}]}
{"message":"Running on 3004","level":"info"}
{"message":"Environment isProduction = true","level":"info"}
{"message":"MongoDB URL = mongodb+srv://sumasoma:sumasoma@cluster0-loknv.mongodb.net/test?retryWrites=true&w=majority","level":"info"}
{"message":"MongoDB event open","level":"info"}
{"message":"MongoDB connected mongodb+srv://sumasoma:sumasoma@cluster0-loknv.mongodb.net/test?retryWrites=true&w=majority\n","level":"info"}
{"message":"Seeding collection = courses","level":"info"}
{"message":"Seeding collection = instructors","level":"info"}
{"message":"Seeding collection = sections","level":"info"}
{"message":"Seeding collection = students","level":"info"}
{"message":"Environment variables loaded into process.env.","level":"info"}
{"error":{"errno":-4058,"syscall":"stat","code":"ENOENT","path":"C:\\Users\\S537239\\Desktop\\mvc-app\\public\\images\\favicon.ico"},"level":"error","message":"uncaughtException: ENOENT: no such file or directory, stat 'C:\\Users\\S537239\\Desktop\\mvc-app\\public\\images\\favicon.ico'\nError: ENOENT: no such file or directory, stat 'C:\\Users\\S537239\\Desktop\\mvc-app\\public\\images\\favicon.ico'\n    at Object.statSync (fs.js:915:3)\n    at resolveSync (C:\\Users\\S537239\\Desktop\\mvc-app\\node_modules\\serve-favicon\\index.js:187:17)\n    at favicon (C:\\Users\\S537239\\Desktop\\mvc-app\\node_modules\\serve-favicon\\index.js:61:12)\n    at Object.<anonymous> (C:\\Users\\S537239\\Desktop\\mvc-app\\app.js:125:9)\n    at Module._compile (internal/modules/cjs/loader.js:956:30)\n    at Object.Module._extensions..js (internal/modules/cjs/loader.js:973:10)\n    at Module.load (internal/modules/cjs/loader.js:812:32)\n    at Function.Module._load (internal/modules/cjs/loader.js:724:14)\n    at Function.Module.runMain (internal/modules/cjs/loader.js:1025:10)\n    at internal/main/run_main_module.js:17:11","stack":"Error: ENOENT: no such file or directory, stat 'C:\\Users\\S537239\\Desktop\\mvc-app\\public\\images\\favicon.ico'\n    at Object.statSync (fs.js:915:3)\n    at resolveSync (C:\\Users\\S537239\\Desktop\\mvc-app\\node_modules\\serve-favicon\\index.js:187:17)\n    at favicon (C:\\Users\\S537239\\Desktop\\mvc-app\\node_modules\\serve-favicon\\index.js:61:12)\n    at Object.<anonymous> (C:\\Users\\S537239\\Desktop\\mvc-app\\app.js:125:9)\n    at Module._compile (internal/modules/cjs/loader.js:956:30)\n    at Object.Module._extensions..js (internal/modules/cjs/loader.js:973:10)\n    at Module.load (internal/modules/cjs/loader.js:812:32)\n    at Function.Module._load (internal/modules/cjs/loader.js:724:14)\n    at Function.Module.runMain (internal/modules/cjs/loader.js:1025:10)\n    at internal/main/run_main_module.js:17:11","exception":true,"date":"Tue Dec 03 2019 22:16:49 GMT-0600 (Central Standard Time)","process":{"pid":9924,"uid":null,"gid":null,"cwd":"C:\\Users\\S537239\\Desktop\\mvc-app","execPath":"C:\\Program Files\\nodejs\\node.exe","version":"v12.12.0","argv":["C:\\Program Files\\nodejs\\node.exe","C:\\Users\\S537239\\Desktop\\mvc-app\\app"],"memoryUsage":{"rss":50872320,"heapTotal":29876224,"heapUsed":19863192,"external":20011911}},"os":{"loadavg":[0,0,0],"uptime":1458708},"trace":[{"column":3,"file":"fs.js","function":"Object.statSync","line":915,"method":"statSync","native":false},{"column":17,"file":"C:\\Users\\S537239\\Desktop\\mvc-app\\node_modules\\serve-favicon\\index.js","function":"resolveSync","line":187,"method":null,"native":false},{"column":12,"file":"C:\\Users\\S537239\\Desktop\\mvc-app\\node_modules\\serve-favicon\\index.js","function":"favicon","line":61,"method":null,"native":false},{"column":9,"file":"C:\\Users\\S537239\\Desktop\\mvc-app\\app.js","function":null,"line":125,"method":null,"native":false},{"column":30,"file":"internal/modules/cjs/loader.js","function":"Module._compile","line":956,"method":"_compile","native":false},{"column":10,"file":"internal/modules/cjs/loader.js","function":"Module._extensions..js","line":973,"method":".js","native":false},{"column":32,"file":"internal/modules/cjs/loader.js","function":"Module.load","line":812,"method":"load","native":false},{"column":14,"file":"internal/modules/cjs/loader.js","function":"Module._load","line":724,"method":"_load","native":false},{"column":10,"file":"internal/modules/cjs/loader.js","function":"Module.runMain","line":1025,"method":"runMain","native":false},{"column":11,"file":"internal/main/run_main_module.js","function":null,"line":17,"method":null,"native":false}]}
{"message":"Running on 3004","level":"info"}
{"message":"Environment isProduction = true","level":"info"}
{"message":"MongoDB URL = mongodb+srv://sumasoma:sumasoma@cluster0-loknv.mongodb.net/test?retryWrites=true&w=majority","level":"info"}
{"message":"MongoDB event open","level":"info"}
{"message":"MongoDB connected mongodb+srv://sumasoma:sumasoma@cluster0-loknv.mongodb.net/test?retryWrites=true&w=majority\n","level":"info"}
{"message":"Seeding collection = courses","level":"info"}
{"message":"Seeding collection = instructors","level":"info"}
{"message":"Seeding collection = sections","level":"info"}
{"message":"Seeding collection = students","level":"info"}
{"message":"Environment variables loaded into process.env.","level":"info"}
{"message":"Running on 3004","level":"info"}
{"message":"Environment isProduction = true","level":"info"}
{"message":"MongoDB URL = mongodb+srv://sumasoma:sumasoma@cluster0-loknv.mongodb.net/test?retryWrites=true&w=majority","level":"info"}
{"message":"Loaded routing.","level":"info"}
{"message":"MongoDB event open","level":"info"}
{"message":"MongoDB connected mongodb+srv://sumasoma:sumasoma@cluster0-loknv.mongodb.net/test?retryWrites=true&w=majority\n","level":"info"}
{"message":"Seeding collection = courses","level":"info"}
{"message":"Seeding collection = instructors","level":"info"}
{"message":"Seeding collection = sections","level":"info"}
{"message":"Seeding collection = students","level":"info"}
{"message":"GET /","level":"debug"}
{"message":"GET /images/manifest.json","level":"debug"}
{"message":"GET /student","level":"debug"}
{"message":"Handling GET / [object Object]","level":"info"}
{"message":"Environment variables loaded into process.env.","level":"info"}
{"message":"Running on 3004","level":"info"}
{"message":"Environment isProduction = true","level":"info"}
{"message":"MongoDB URL = mongodb+srv://sumasoma:sumasoma@cluster0-loknv.mongodb.net/test?retryWrites=true&w=majority","level":"info"}
{"message":"Loaded routing.","level":"info"}
{"message":"MongoDB event open","level":"info"}
{"message":"MongoDB connected mongodb+srv://sumasoma:sumasoma@cluster0-loknv.mongodb.net/test?retryWrites=true&w=majority\n","level":"info"}
{"message":"Seeding collection = courses","level":"info"}
{"message":"Seeding collection = instructors","level":"info"}
{"message":"Seeding collection = sections","level":"info"}
{"message":"Seeding collection = students","level":"info"}
{"message":"GET /student","level":"debug"}
{"message":"Handling GET / [object Object]","level":"info"}
{"message":"GET /student","level":"debug"}
{"message":"Handling GET / [object Object]","level":"info"}
{"message":"GET /student","level":"debug"}
{"message":"Handling GET / [object Object]","level":"info"}
{"message":"GET /student/create","level":"debug"}
{"message":"Handling GET /create [object Object]","level":"info"}
{"message":"POST /developer/save","level":"debug"}
{"message":"POST /developer/save","level":"debug"}
{"message":"POST /developer/save","level":"debug"}
{"message":"Environment variables loaded into process.env.","level":"info"}
{"message":"Running on 3004","level":"info"}
{"message":"Environment isProduction = true","level":"info"}
{"message":"MongoDB URL = mongodb+srv://sumasoma:sumasoma@cluster0-loknv.mongodb.net/test?retryWrites=true&w=majority","level":"info"}
{"message":"Loaded routing.","level":"info"}
{"message":"MongoDB event open","level":"info"}
{"message":"MongoDB connected mongodb+srv://sumasoma:sumasoma@cluster0-loknv.mongodb.net/test?retryWrites=true&w=majority\n","level":"info"}
{"message":"Seeding collection = courses","level":"info"}
{"message":"Seeding collection = instructors","level":"info"}
{"message":"Seeding collection = sections","level":"info"}
{"message":"Seeding collection = students","level":"info"}
{"message":"GET /student","level":"debug"}
{"message":"Handling GET / [object Object]","level":"info"}
{"message":"Environment variables loaded into process.env.","level":"info"}
{"message":"Running on 3004","level":"info"}
{"message":"Environment isProduction = true","level":"info"}
{"message":"MongoDB URL = mongodb+srv://sumasoma:sumasoma@cluster0-loknv.mongodb.net/test?retryWrites=true&w=majority","level":"info"}
{"message":"Loaded routing.","level":"info"}
{"message":"MongoDB event open","level":"info"}
{"message":"MongoDB connected mongodb+srv://sumasoma:sumasoma@cluster0-loknv.mongodb.net/test?retryWrites=true&w=majority\n","level":"info"}
{"message":"Seeding collection = courses","level":"info"}
{"message":"Seeding collection = instructors","level":"info"}
{"message":"Seeding collection = sections","level":"info"}
{"message":"Seeding collection = students","level":"info"}
{"message":"GET /student","level":"debug"}
{"message":"Handling GET / [object Object]","level":"info"}
{"message":"GET /student/create","level":"debug"}
{"message":"Handling GET /create [object Object]","level":"info"}
{"message":"POST /developer/save","level":"debug"}
{"message":"GET /student","level":"debug"}
{"message":"Handling GET / [object Object]","level":"info"}
{"message":"GET /student/details/99","level":"debug"}
{"message":"Handling GET /details/:id [object Object]","level":"info"}
{"message":"RETURNING VIEW FOR [{\"given\":\"ravi\",\"family\":\"brand\",\"_id\":99,\"email\":\"ravi@nwmissouri.edu\",\"Github\":\"Ravibrand\",\"Website\":\"www.Brand.com\",\"GPA\":9.99,\"SectionID\":1002}]","level":"info"}
{"message":"GET /student/edit/99","level":"debug"}
{"message":"Handling GET /edit/:id [object Object]","level":"info"}
{"message":"RETURNING VIEW FOR[{\"given\":\"ravi\",\"family\":\"brand\",\"_id\":99,\"email\":\"ravi@nwmissouri.edu\",\"Github\":\"Ravibrand\",\"Website\":\"www.Brand.com\",\"GPA\":9.99,\"SectionID\":1002}]","level":"info"}
{"message":"POST /student/save/99","level":"debug"}
{"message":"Handling SAVE request [object Object]","level":"info"}
{"message":"Handling SAVING ID=99","level":"info"}
{"message":"ORIGINAL VALUES {\"n\":1,\"nModified\":1,\"opTime\":{\"ts\":\"6766438202791165953\",\"t\":1},\"electionId\":\"7fffffff0000000000000001\",\"ok\":1,\"operationTime\":\"6766438202791165953\",\"$clusterTime\":{\"clusterTime\":\"6766438202791165953\",\"signature\":{\"hash\":\"jYNHjO5hdTOA8h6V/KqxYwmxWH0=\",\"keyId\":\"6766262147786735617\"}}}","level":"info"}
{"message":"UPDATED VALUES: {\"email\":\"ravi@nwmissouri.edu\",\"given\":\"ravi kumar\",\"family\":\"brand\",\"Github\":\"Ravibrand\",\"Website\":\"www.Brand.com\",\"GPA\":\"9.99\",\"SectionID\":\"1002\"}","level":"info"}
{"message":"SAVING UPDATED item {\"n\":1,\"nModified\":1,\"opTime\":{\"ts\":\"6766438202791165953\",\"t\":1},\"electionId\":\"7fffffff0000000000000001\",\"ok\":1,\"operationTime\":\"6766438202791165953\",\"$clusterTime\":{\"clusterTime\":\"6766438202791165953\",\"signature\":{\"hash\":\"jYNHjO5hdTOA8h6V/KqxYwmxWH0=\",\"keyId\":\"6766262147786735617\"}}}","level":"info"}
{"message":"GET /student","level":"debug"}
{"message":"Handling GET / [object Object]","level":"info"}
{"message":"GET /student/delete/99","level":"debug"}
{"message":"Handling GET /delete/:id [object Object]","level":"info"}
{"message":"RETURNING VIEW FOR [{\"given\":\"ravi kumar\",\"family\":\"brand\",\"_id\":99,\"email\":\"ravi@nwmissouri.edu\",\"Github\":\"Ravibrand\",\"Website\":\"www.Brand.com\",\"GPA\":9.99,\"SectionID\":1002}]","level":"info"}
{"message":"POST /student/delete/99","level":"debug"}
{"message":"Handling DELETE request [object Object]","level":"info"}
{"message":"Handling REMOVING ID=99","level":"info"}
{"message":"GET /student","level":"debug"}
{"message":"Handling GET / [object Object]","level":"info"}
{"message":"Environment variables loaded into process.env.","level":"info"}
{"message":"Running on 3004","level":"info"}
{"message":"Environment isProduction = true","level":"info"}
{"message":"MongoDB URL = mongodb+srv://sumasoma:sumasoma@cluster0-loknv.mongodb.net/test?retryWrites=true&w=majority","level":"info"}
{"message":"Loaded routing.","level":"info"}
{"message":"MongoDB event open","level":"info"}
{"message":"MongoDB connected mongodb+srv://sumasoma:sumasoma@cluster0-loknv.mongodb.net/test?retryWrites=true&w=majority\n","level":"info"}
{"message":"Seeding collection = courses","level":"info"}
{"message":"Seeding collection = instructors","level":"info"}
{"message":"Seeding collection = sections","level":"info"}
{"message":"Seeding collection = students","level":"info"}
{"message":"Environment variables loaded into process.env.","level":"info"}
{"message":"Running on 3004","level":"info"}
{"message":"Environment isProduction = true","level":"info"}
{"message":"MongoDB URL = mongodb+srv://sumasoma:sumasoma@cluster0-loknv.mongodb.net/test?retryWrites=true&w=majority","level":"info"}
{"message":"Loaded routing.","level":"info"}
{"message":"MongoDB event open","level":"info"}
{"message":"MongoDB connected mongodb+srv://sumasoma:sumasoma@cluster0-loknv.mongodb.net/test?retryWrites=true&w=majority\n","level":"info"}
{"message":"Seeding collection = courses","level":"info"}
{"message":"Seeding collection = instructors","level":"info"}
{"message":"Seeding collection = sections","level":"info"}
{"message":"Seeding collection = students","level":"info"}
{"message":"GET /","level":"debug"}
{"message":"GET /student","level":"debug"}
{"message":"Handling GET / [object Object]","level":"info"}
{"message":"Environment variables loaded into process.env.","level":"info"}
{"message":"Running on 3004","level":"info"}
{"message":"Environment isProduction = true","level":"info"}
{"message":"MongoDB URL = mongodb+srv://sumasoma:sumasoma@cluster0-loknv.mongodb.net/test?retryWrites=true&w=majority","level":"info"}
{"message":"Loaded routing.","level":"info"}
{"message":"MongoDB event open","level":"info"}
{"message":"MongoDB connected mongodb+srv://sumasoma:sumasoma@cluster0-loknv.mongodb.net/test?retryWrites=true&w=majority\n","level":"info"}
{"message":"Seeding collection = courses","level":"info"}
{"message":"Seeding collection = instructors","level":"info"}
{"message":"Seeding collection = sections","level":"info"}
{"message":"Seeding collection = students","level":"info"}
{"message":"Environment variables loaded into process.env.","level":"info"}
{"message":"Running on 3004","level":"info"}
{"message":"Environment isProduction = true","level":"info"}
{"message":"MongoDB URL = mongodb+srv://sumasoma:sumasoma@cluster0-loknv.mongodb.net/test?retryWrites=true&w=majority","level":"info"}
{"message":"Loaded routing.","level":"info"}
{"message":"MongoDB event open","level":"info"}
{"message":"MongoDB connected mongodb+srv://sumasoma:sumasoma@cluster0-loknv.mongodb.net/test?retryWrites=true&w=majority\n","level":"info"}
{"message":"Seeding collection = courses","level":"info"}
{"message":"Seeding collection = instructors","level":"info"}
{"message":"Seeding collection = sections","level":"info"}
{"message":"Seeding collection = students","level":"info"}
{"message":"GET /","level":"debug"}
{"message":"GET /student","level":"debug"}
{"message":"Handling GET / [object Object]","level":"info"}
{"message":"GET /","level":"debug"}
